
  .   ____          _            __ _ _
 /\\ / ___'_ __ _ _(_)_ __  __ _ \ \ \ \
( ( )\___ | '_ | '_| | '_ \/ _` | \ \ \ \
 \\/  ___)| |_)| | | | | || (_| |  ) ) ) )
  '  |____| .__|_| |_|_| |_\__, | / / / /
 =========|_|==============|___/=/_/_/_/

 :: Spring Boot ::                (v3.5.6)

2025-10-24T09:29:12.970+09:00  INFO 92853 --- [fileflow-web-api] [           main] com.ryuqq.fileflow.FileflowApplication   : Starting FileflowApplication v1.0.0-SNAPSHOT using Java 21.0.3 with PID 92853 (/Users/sangwon-ryu/fileflow/bootstrap/bootstrap-web-api/build/libs/fileflow-web-api.jar started by sangwon-ryu in /Users/sangwon-ryu/fileflow)
2025-10-24T09:29:12.971+09:00 DEBUG 92853 --- [fileflow-web-api] [           main] com.ryuqq.fileflow.FileflowApplication   : Running with Spring Boot v3.5.6, Spring v6.2.11
2025-10-24T09:29:12.972+09:00  INFO 92853 --- [fileflow-web-api] [           main] com.ryuqq.fileflow.FileflowApplication   : No active profile set, falling back to 1 default profile: "default"
2025-10-24T09:29:13.436+09:00  INFO 92853 --- [fileflow-web-api] [           main] .s.d.r.c.RepositoryConfigurationDelegate : Bootstrapping Spring Data JPA repositories in DEFAULT mode.
2025-10-24T09:29:13.481+09:00  INFO 92853 --- [fileflow-web-api] [           main] .s.d.r.c.RepositoryConfigurationDelegate : Finished Spring Data repository scanning in 38 ms. Found 2 JPA repository interfaces.
2025-10-24T09:29:14.001+09:00  INFO 92853 --- [fileflow-web-api] [           main] o.s.b.w.embedded.tomcat.TomcatWebServer  : Tomcat initialized with port 8080 (http)
2025-10-24T09:29:14.012+09:00  INFO 92853 --- [fileflow-web-api] [           main] o.apache.catalina.core.StandardService   : Starting service [Tomcat]
2025-10-24T09:29:14.012+09:00  INFO 92853 --- [fileflow-web-api] [           main] o.apache.catalina.core.StandardEngine    : Starting Servlet engine: [Apache Tomcat/10.1.46]
2025-10-24T09:29:14.030+09:00  INFO 92853 --- [fileflow-web-api] [           main] o.a.c.c.C.[Tomcat].[localhost].[/]       : Initializing Spring embedded WebApplicationContext
2025-10-24T09:29:14.031+09:00  INFO 92853 --- [fileflow-web-api] [           main] w.s.c.ServletWebServerApplicationContext : Root WebApplicationContext: initialization completed in 1027 ms
2025-10-24T09:29:14.137+09:00 DEBUG 92853 --- [fileflow-web-api] [           main] o.s.w.f.ServerHttpObservationFilter      : Filter 'webMvcObservationFilter' configured for use
2025-10-24T09:29:14.164+09:00  WARN 92853 --- [fileflow-web-api] [           main] ConfigServletWebServerApplicationContext : Exception encountered during context initialization - cancelling refresh attempt: org.springframework.beans.factory.UnsatisfiedDependencyException: Error creating bean with name 'organizationController' defined in URL [jar:nested:/Users/sangwon-ryu/fileflow/bootstrap/bootstrap-web-api/build/libs/fileflow-web-api.jar/!BOOT-INF/lib/rest-api-1.0.0-SNAPSHOT.jar!/com/ryuqq/fileflow/adapter/rest/iam/organization/controller/OrganizationController.class]: Unsatisfied dependency expressed through constructor parameter 0: Error creating bean with name 'organizationCommandFacade' defined in URL [jar:nested:/Users/sangwon-ryu/fileflow/bootstrap/bootstrap-web-api/build/libs/fileflow-web-api.jar/!BOOT-INF/lib/application-1.0.0-SNAPSHOT.jar!/com/ryuqq/fileflow/application/iam/organization/facade/OrganizationCommandFacade.class]: Unsatisfied dependency expressed through constructor parameter 0: Error creating bean with name 'organizationCommandService' defined in URL [jar:nested:/Users/sangwon-ryu/fileflow/bootstrap/bootstrap-web-api/build/libs/fileflow-web-api.jar/!BOOT-INF/lib/application-1.0.0-SNAPSHOT.jar!/com/ryuqq/fileflow/application/iam/organization/service/OrganizationCommandService.class]: Unsatisfied dependency expressed through constructor parameter 0: Error creating bean with name 'organizationPersistenceAdapter' defined in URL [jar:nested:/Users/sangwon-ryu/fileflow/bootstrap/bootstrap-web-api/build/libs/fileflow-web-api.jar/!BOOT-INF/lib/persistence-mysql-1.0.0-SNAPSHOT.jar!/com/ryuqq/fileflow/adapter/out/persistence/mysql/organization/adapter/OrganizationPersistenceAdapter.class]: Unsatisfied dependency expressed through constructor parameter 0: Error creating bean with name 'organizationJpaRepository' defined in com.ryuqq.fileflow.adapter.out.persistence.mysql.organization.repository.OrganizationJpaRepository defined in @EnableJpaRepositories declared on JpaConfig: Cannot resolve reference to bean 'jpaSharedEM_entityManagerFactory' while setting bean property 'entityManager'
2025-10-24T09:29:14.166+09:00  INFO 92853 --- [fileflow-web-api] [           main] o.apache.catalina.core.StandardService   : Stopping service [Tomcat]
2025-10-24T09:29:14.182+09:00  INFO 92853 --- [fileflow-web-api] [           main] .s.b.a.l.ConditionEvaluationReportLogger : 

Error starting ApplicationContext. To display the condition evaluation report re-run your application with 'debug' enabled.
2025-10-24T09:29:14.195+09:00 ERROR 92853 --- [fileflow-web-api] [           main] o.s.b.d.LoggingFailureAnalysisReporter   : 

***************************
APPLICATION FAILED TO START
***************************

Description:

Parameter 0 of constructor in com.ryuqq.fileflow.adapter.out.persistence.mysql.organization.adapter.OrganizationPersistenceAdapter required a bean named 'entityManagerFactory' that could not be found.


Action:

Consider defining a bean named 'entityManagerFactory' in your configuration.

